#
# A fatal error has been detected by the Java Runtime Environment:
#
#  Internal Error (objectMonitor.cpp:1841), pid=9240, tid=3688
#  guarantee(iterator->_notified == 0) failed: invariant
#
# JRE version: Java(TM) SE Runtime Environment (8.0_65-b17) (build 1.8.0_65-b17)
# Java VM: Java HotSpot(TM) 64-Bit Server VM (25.65-b01 mixed mode windows-amd64 compressed oops)
# Failed to write core dump. Minidumps are not enabled by default on client versions of Windows
#
# If you would like to submit a bug report, please visit:
#   http://bugreport.java.com/bugreport/crash.jsp
#

---------------  T H R E A D  ---------------

Current thread (0x000000001d4c1000):  JavaThread "Unconstrained build operations Thread 6" [_thread_in_vm, id=3688, stack(0x0000000021330000,0x0000000021430000)]

Stack: [0x0000000021330000,0x0000000021430000]
[error occurred during error reporting (printing stack bounds), id 0xc0000005]

Native frames: (J=compiled Java code, j=interpreted, Vv=VM code, C=native code)

Java frames: (J=compiled Java code, j=interpreted, Vv=VM code)
J 958  java.lang.Object.notifyAll()V (0 bytes) @ 0x0000000002b30afb [0x0000000002b30ac0+0x3b]
J 10034 C1 org.gradle.internal.resources.DefaultResourceLockCoordinationService.withStateLock(Lorg/gradle/api/Transformer;)Z (264 bytes) @ 0x0000000003a75c24 [0x0000000003a74c60+0xfc4]
J 13680 C1 org.gradle.internal.work.DefaultWorkerLeaseService.withLocks(Ljava/lang/Iterable;Lorg/gradle/internal/Factory;)Ljava/lang/Object; (51 bytes) @ 0x0000000004ea1c04 [0x0000000004ea1620+0x5e4]
j  org.gradle.internal.operations.DefaultBuildOperationQueue$WorkerRunnable.runBatch(Lorg/gradle/internal/operations/BuildOperation;)V+33
J 13646 C1 org.gradle.internal.operations.DefaultBuildOperationQueue$WorkerRunnable.run()V (22 bytes) @ 0x0000000004e894ec [0x0000000004e89460+0x8c]
J 9828 C1 org.gradle.internal.concurrent.ManagedExecutorImpl$1.run()V (57 bytes) @ 0x00000000038c57fc [0x00000000038c52e0+0x51c]
J 14756 C1 java.util.concurrent.ThreadPoolExecutor.runWorker(Ljava/util/concurrent/ThreadPoolExecutor$Worker;)V (225 bytes) @ 0x0000000003db0bcc [0x0000000003dafba0+0x102c]
j  java.util.concurrent.ThreadPoolExecutor$Worker.run()V+5
j  org.gradle.internal.concurrent.ThreadFactoryImpl$ManagedThreadRunnable.run()V+7
j  java.lang.Thread.run()V+11
v  ~StubRoutines::call_stub

---------------  P R O C E S S  ---------------

Java Threads: ( => current thread )
  0x000000001a721000 JavaThread "Unconstrained build operations Thread 20" [_thread_blocked, id=6448, stack(0x0000000022130000,0x0000000022230000)]
  0x000000001a719800 JavaThread "Unconstrained build operations Thread 19" [_thread_blocked, id=6000, stack(0x0000000022030000,0x0000000022130000)]
  0x000000001a71c800 JavaThread "Unconstrained build operations Thread 18" [_thread_blocked, id=5568, stack(0x0000000021f30000,0x0000000022030000)]
  0x000000001a718800 JavaThread "Unconstrained build operations Thread 17" [_thread_blocked, id=9316, stack(0x0000000021e30000,0x0000000021f30000)]
  0x000000001a71b800 JavaThread "Unconstrained build operations Thread 16" [_thread_blocked, id=9920, stack(0x0000000021d30000,0x0000000021e30000)]
  0x000000001a718000 JavaThread "Unconstrained build operations Thread 15" [_thread_blocked, id=6500, stack(0x0000000021c30000,0x0000000021d30000)]
  0x000000001a713800 JavaThread "Unconstrained build operations Thread 14" [_thread_blocked, id=8916, stack(0x0000000021b30000,0x0000000021c30000)]
  0x000000001a715800 JavaThread "Unconstrained build operations Thread 13" [_thread_blocked, id=3040, stack(0x0000000021a30000,0x0000000021b30000)]
  0x000000001a716800 JavaThread "Unconstrained build operations Thread 12" [_thread_blocked, id=10668, stack(0x0000000021930000,0x0000000021a30000)]
  0x000000001a714000 JavaThread "Unconstrained build operations Thread 11" [_thread_blocked, id=1520, stack(0x0000000021830000,0x0000000021930000)]
  0x000000001a712000 JavaThread "Unconstrained build operations Thread 10" [_thread_blocked, id=7908, stack(0x0000000021730000,0x0000000021830000)]
  0x000000001a712800 JavaThread "Unconstrained build operations Thread 9" [_thread_blocked, id=10984, stack(0x0000000021630000,0x0000000021730000)]
  0x000000001a715000 JavaThread "Unconstrained build operations Thread 8" [_thread_blocked, id=11172, stack(0x0000000021530000,0x0000000021630000)]
  0x000000001d4be000 JavaThread "Unconstrained build operations Thread 7" [_thread_blocked, id=5892, stack(0x0000000021430000,0x0000000021530000)]
=>0x000000001d4c1000 JavaThread "Unconstrained build operations Thread 6" [_thread_in_vm, id=3688, stack(0x0000000021330000,0x0000000021430000)]
  0x000000001d4bd800 JavaThread "Unconstrained build operations Thread 5" [_thread_blocked, id=8832, stack(0x0000000021230000,0x0000000021330000)]
  0x000000001d4c0800 JavaThread "Unconstrained build operations Thread 4" [_thread_blocked, id=4528, stack(0x0000000021130000,0x0000000021230000)]
  0x000000001d4bf000 JavaThread "Unconstrained build operations Thread 3" [_thread_blocked, id=11236, stack(0x0000000020e30000,0x0000000020f30000)]
  0x000000001d4bf800 JavaThread "Unconstrained build operations Thread 2" [_thread_in_native, id=8240, stack(0x000000001f030000,0x000000001f130000)]
  0x000000001d4bc000 JavaThread "Unconstrained build operations" [_thread_blocked, id=7480, stack(0x000000001ef30000,0x000000001f030000)]
  0x000000001d4bc800 JavaThread "Cache worker for Build Output Cleanup Cache (C:\Users\sreedhar s\Documents\coding-xero\springboot\refactorthis\refactorthis\.gradle\buildOutputCleanup)" [_thread_blocked, id=8932, stack(0x000000001ed40000,0x000000001ee40000)]
  0x000000001d4b8000 JavaThread "Cache worker for dependencies-accessors (C:\Users\sreedhar s\Documents\coding-xero\springboot\refactorthis\refactorthis\.gradle\7.1.1\dependencies-accessors)" [_thread_blocked, id=9420, stack(0x000000001ea20000,0x000000001eb20000)]
  0x000000001d4b9800 JavaThread "Cache worker for cache directory md-rule (C:\Users\sreedhar s\.gradle\caches\7.1.1\md-rule)" [_thread_blocked, id=10864, stack(0x000000001dcc0000,0x000000001ddc0000)]
  0x000000001d4bb000 JavaThread "Cache worker for cache directory md-supplier (C:\Users\sreedhar s\.gradle\caches\7.1.1\md-supplier)" [_thread_blocked, id=192, stack(0x000000001c760000,0x000000001c860000)]
  0x000000001d4b9000 JavaThread "Cache worker for checksums cache (C:\Users\sreedhar s\Documents\coding-xero\springboot\refactorthis\refactorthis\.gradle\checksums)" [_thread_blocked, id=5548, stack(0x000000001c660000,0x000000001c760000)]
  0x000000001d4ba800 JavaThread "Cache worker for file hash cache (C:\Users\sreedhar s\Documents\coding-xero\springboot\refactorthis\refactorthis\.gradle\7.1.1\fileHashes)" [_thread_blocked, id=5528, stack(0x0000000019a80000,0x0000000019b80000)]
  0x000000001d4b4800 JavaThread "Daemon client event forwarder" [_thread_blocked, id=8740, stack(0x0000000019380000,0x0000000019480000)]
  0x000000001d4b7800 JavaThread "Stdin handler" [_thread_blocked, id=10032, stack(0x0000000019280000,0x0000000019380000)]
  0x000000001d4b6800 JavaThread "Asynchronous log dispatcher for DefaultDaemonConnection: socket connection from /127.0.0.1:56673 to /127.0.0.1:51888" [_thread_blocked, id=7432, stack(0x0000000019180000,0x0000000019280000)]
  0x000000001d4b6000 JavaThread "Daemon worker Thread 3" [_thread_blocked, id=4612, stack(0x0000000019080000,0x0000000019180000)]
  0x000000001d4b3800 JavaThread "Cancel handler" [_thread_blocked, id=804, stack(0x0000000018f80000,0x0000000019080000)]
  0x000000001d4b3000 JavaThread "Handler for socket connection from /127.0.0.1:56673 to /127.0.0.1:51888" [_thread_in_native, id=6280, stack(0x0000000018e80000,0x0000000018f80000)]
  0x000000001d4b5000 JavaThread "Daemon Thread 3" [_thread_blocked, id=10888, stack(0x0000000018d80000,0x0000000018e80000)]
  0x000000001a717000 JavaThread "Memory manager" [_thread_blocked, id=6952, stack(0x0000000023730000,0x0000000023830000)]
  0x0000000017d51800 JavaThread "Cache worker for file content cache (C:\Users\sreedhar s\.gradle\caches\7.1.1\fileContent)" [_thread_blocked, id=6572, stack(0x000000001e2c0000,0x000000001e3c0000)]
  0x0000000017d4f800 JavaThread "Cache worker for execution history cache (C:\Users\sreedhar s\.gradle\caches\7.1.1\executionHistory)" [_thread_blocked, id=9720, stack(0x000000001ddc0000,0x000000001dec0000)]
  0x0000000017d49000 JavaThread "jar transforms Thread 4" [_thread_blocked, id=9808, stack(0x000000001c560000,0x000000001c660000)]
  0x0000000017d4c800 JavaThread "jar transforms Thread 3" [_thread_blocked, id=6416, stack(0x000000001c460000,0x000000001c560000)]
  0x0000000017d4b800 JavaThread "jar transforms Thread 2" [_thread_blocked, id=9112, stack(0x000000001c090000,0x000000001c190000)]
  0x0000000017d4b000 JavaThread "jar transforms" [_thread_blocked, id=7428, stack(0x0000000019d80000,0x0000000019e80000)]
  0x0000000017d4a000 JavaThread "File watcher consumer" daemon [_thread_blocked, id=7204, stack(0x000000001c360000,0x000000001c460000)]
  0x00000000176ea800 JavaThread "File watcher server" daemon [_thread_in_native, id=5792, stack(0x000000001c260000,0x000000001c360000)]
  0x00000000176e9000 JavaThread "Cache worker for file hash cache (C:\Users\sreedhar s\.gradle\caches\7.1.1\fileHashes)" [_thread_blocked, id=6864, stack(0x0000000019880000,0x0000000019980000)]
  0x00000000176e8000 JavaThread "File lock request listener" [_thread_in_native, id=8132, stack(0x0000000019780000,0x0000000019880000)]
  0x00000000176eb000 JavaThread "Cache worker for journal cache (C:\Users\sreedhar s\.gradle\caches\journal-1)" [_thread_blocked, id=9604, stack(0x0000000019680000,0x0000000019780000)]
  0x0000000016251000 JavaThread "Daemon periodic checks" [_thread_blocked, id=5668, stack(0x0000000018a80000,0x0000000018b80000)]
  0x000000001624d800 JavaThread "Incoming local TCP Connector on port 56673" [_thread_in_native, id=6920, stack(0x0000000018890000,0x0000000018990000)]
  0x0000000016765000 JavaThread "Daemon health stats" [_thread_blocked, id=10792, stack(0x00000000172b0000,0x00000000173b0000)]
  0x0000000015514000 JavaThread "Service Thread" daemon [_thread_blocked, id=1260, stack(0x00000000158e0000,0x00000000159e0000)]
  0x0000000013ba5000 JavaThread "C1 CompilerThread2" daemon [_thread_blocked, id=6580, stack(0x00000000153e0000,0x00000000154e0000)]
  0x0000000013ba2800 JavaThread "C2 CompilerThread1" daemon [_thread_in_native, id=9752, stack(0x00000000152e0000,0x00000000153e0000)]
  0x0000000013ba0800 JavaThread "C2 CompilerThread0" daemon [_thread_blocked, id=1204, stack(0x00000000151e0000,0x00000000152e0000)]
  0x0000000013b9d800 JavaThread "Attach Listener" daemon [_thread_blocked, id=2616, stack(0x00000000150e0000,0x00000000151e0000)]
  0x0000000013b9c800 JavaThread "Signal Dispatcher" daemon [_thread_blocked, id=5140, stack(0x0000000014fe0000,0x00000000150e0000)]
  0x0000000002778000 JavaThread "Finalizer" daemon [_thread_blocked, id=3156, stack(0x0000000014e00000,0x0000000014f00000)]
  0x000000000276f000 JavaThread "Reference Handler" daemon [_thread_blocked, id=7060, stack(0x0000000014d00000,0x0000000014e00000)]
  0x0000000000f3d800 JavaThread "main" [_thread_blocked, id=10152, stack(0x0000000000de0000,0x0000000000ee0000)]

Other Threads:
  0x0000000013b67800 VMThread [stack: 0x0000000014c00000,0x0000000014d00000] [id=7084]
  0x000000001553c000 WatcherThread [stack: 0x00000000159e0000,0x0000000015ae0000] [id=6200]

VM state:not at safepoint (normal execution)

VM Mutex/Monitor currently owned by a thread: None

Heap:
 PSYoungGen      total 148992K, used 141328K [0x00000000f5580000, 0x00000000fff00000, 0x0000000100000000)
  eden space 137728K, 94% used [0x00000000f5580000,0x00000000fd4ee320,0x00000000fdc00000)
  from space 11264K, 96% used [0x00000000fdf00000,0x00000000fe995eb0,0x00000000fea00000)
  to   space 17920K, 0% used [0x00000000fed80000,0x00000000fed80000,0x00000000fff00000)
 ParOldGen       total 218112K, used 62586K [0x00000000e0000000, 0x00000000ed500000, 0x00000000f5580000)
  object space 218112K, 28% used [0x00000000e0000000,0x00000000e3d1e978,0x00000000ed500000)
 Metaspace       used 66860K, capacity 70848K, committed 71128K, reserved 1110016K
  class space    used 8895K, capacity 9635K, committed 9728K, reserved 1048576K

Card table byte_map: [0x0000000011b40000,0x0000000011c50000] byte_map_base: 0x0000000011440000

Marking Bits: (ParMarkBitMap*) 0x000000006595a5b0
 Begin Bits: [0x0000000012100000, 0x0000000012900000)
 End Bits:   [0x0000000012900000, 0x0000000013100000)

Polling page: 0x0000000000ca0000

CodeCache: size=245760Kb used=44298Kb max_used=44316Kb free=201461Kb
 bounds [0x0000000002780000, 0x0000000005310000, 0x0000000011780000]
 total_blobs=12871 nmethods=12062 adapters=719
 compilation: enabled

Compilation events (10 events):
Event: 3462.996 Thread 0x0000000013ba5000 nmethod 14958 0x00000000052f8890 code [0x00000000052f8c80, 0x00000000052fb028]
Event: 3462.997 Thread 0x0000000013ba2800 14959       4       org.gradle.internal.serialize.kryo.StringDeduplicatingKryoBackedEncoder::writeNullableString (114 bytes)
Event: 3462.998 Thread 0x0000000013ba5000 14960       3       org.gradle.internal.snapshot.impl.StringValueSnapshot::hashCode (5 bytes)
Event: 3462.999 Thread 0x0000000013ba5000 nmethod 14960 0x00000000050665d0 code [0x0000000005066740, 0x00000000050669a8]
Event: 3463.000 Thread 0x0000000013ba5000 14961       1       java.util.concurrent.ThreadPoolExecutor::getThreadFactory (5 bytes)
Event: 3463.000 Thread 0x0000000013ba5000 nmethod 14961 0x0000000003940550 code [0x00000000039406a0, 0x00000000039407b0]
Event: 3463.001 Thread 0x0000000013ba5000 14962       3       java.security.AccessController::getContext (23 bytes)
Event: 3463.001 Thread 0x0000000013ba5000 nmethod 14962 0x00000000052fc390 code [0x00000000052fc520, 0x00000000052fc898]
Event: 3463.008 Thread 0x0000000013ba5000 14965       3       java.lang.ThreadLocal$ThreadLocalMap::setThreshold (10 bytes)
Event: 3463.008 Thread 0x0000000013ba5000 nmethod 14965 0x00000000052fca10 code [0x00000000052fcb60, 0x00000000052fccf0]

GC Heap History (10 events):
Event: 172.892 GC heap before
{Heap before GC invocations=100 (full 3):
 PSYoungGen      total 159232K, used 151937K [0x00000000f5580000, 0x00000000ffe00000, 0x0000000100000000)
  eden space 148992K, 100% used [0x00000000f5580000,0x00000000fe700000,0x00000000fe700000)
  from space 10240K, 28% used [0x00000000ff400000,0x00000000ff6e0490,0x00000000ffe00000)
  to   space 11776K, 0% used [0x00000000fe700000,0x00000000fe700000,0x00000000ff280000)
 ParOldGen       total 218112K, used 55380K [0x00000000e0000000, 0x00000000ed500000, 0x00000000f5580000)
  object space 218112K, 25% used [0x00000000e0000000,0x00000000e36152c8,0x00000000ed500000)
 Metaspace       used 64072K, capacity 67694K, committed 67928K, reserved 1107968K
  class space    used 8640K, capacity 9308K, committed 9344K, reserved 1048576K
Event: 172.908 GC heap after
Heap after GC invocations=100 (full 3):
 PSYoungGen      total 160768K, used 4953K [0x00000000f5580000, 0x0000000100000000, 0x0000000100000000)
  eden space 148992K, 0% used [0x00000000f5580000,0x00000000f5580000,0x00000000fe700000)
  from space 11776K, 42% used [0x00000000fe700000,0x00000000febd6530,0x00000000ff280000)
  to   space 11264K, 0% used [0x00000000ff500000,0x00000000ff500000,0x0000000100000000)
 ParOldGen       total 218112K, used 55388K [0x00000000e0000000, 0x00000000ed500000, 0x00000000f5580000)
  object space 218112K, 25% used [0x00000000e0000000,0x00000000e36172c8,0x00000000ed500000)
 Metaspace       used 64072K, capacity 67694K, committed 67928K, reserved 1107968K
  class space    used 8640K, capacity 9308K, committed 9344K, reserved 1048576K
}
Event: 193.342 GC heap before
{Heap before GC invocations=101 (full 3):
 PSYoungGen      total 160768K, used 153945K [0x00000000f5580000, 0x0000000100000000, 0x0000000100000000)
  eden space 148992K, 100% used [0x00000000f5580000,0x00000000fe700000,0x00000000fe700000)
  from space 11776K, 42% used [0x00000000fe700000,0x00000000febd6530,0x00000000ff280000)
  to   space 11264K, 0% used [0x00000000ff500000,0x00000000ff500000,0x0000000100000000)
 ParOldGen       total 218112K, used 55388K [0x00000000e0000000, 0x00000000ed500000, 0x00000000f5580000)
  object space 218112K, 25% used [0x00000000e0000000,0x00000000e36172c8,0x00000000ed500000)
 Metaspace       used 64797K, capacity 68480K, committed 68568K, reserved 1107968K
  class space    used 8724K, capacity 9419K, committed 9472K, reserved 1048576K
Event: 193.361 GC heap after
Heap after GC invocations=101 (full 3):
 PSYoungGen      total 162304K, used 6714K [0x00000000f5580000, 0x0000000100000000, 0x0000000100000000)
  eden space 151040K, 0% used [0x00000000f5580000,0x00000000f5580000,0x00000000fe900000)
  from space 11264K, 59% used [0x00000000ff500000,0x00000000ffb8e9d0,0x0000000100000000)
  to   space 11776K, 0% used [0x00000000fe900000,0x00000000fe900000,0x00000000ff480000)
 ParOldGen       total 218112K, used 55396K [0x00000000e0000000, 0x00000000ed500000, 0x00000000f5580000)
  object space 218112K, 25% used [0x00000000e0000000,0x00000000e36192c8,0x00000000ed500000)
 Metaspace       used 64797K, capacity 68480K, committed 68568K, reserved 1107968K
  class space    used 8724K, capacity 9419K, committed 9472K, reserved 1048576K
}
Event: 470.340 GC heap before
{Heap before GC invocations=102 (full 3):
 PSYoungGen      total 162304K, used 157754K [0x00000000f5580000, 0x0000000100000000, 0x0000000100000000)
  eden space 151040K, 100% used [0x00000000f5580000,0x00000000fe900000,0x00000000fe900000)
  from space 11264K, 59% used [0x00000000ff500000,0x00000000ffb8e9d0,0x0000000100000000)
  to   space 11776K, 0% used [0x00000000fe900000,0x00000000fe900000,0x00000000ff480000)
 ParOldGen       total 218112K, used 55396K [0x00000000e0000000, 0x00000000ed500000, 0x00000000f5580000)
  object space 218112K, 25% used [0x00000000e0000000,0x00000000e36192c8,0x00000000ed500000)
 Metaspace       used 65963K, capacity 69846K, committed 70104K, reserved 1110016K
  class space    used 8873K, capacity 9602K, committed 9728K, reserved 1048576K
Event: 470.359 GC heap after
Heap after GC invocations=102 (full 3):
 PSYoungGen      total 162816K, used 11765K [0x00000000f5580000, 0x0000000100000000, 0x0000000100000000)
  eden space 151040K, 0% used [0x00000000f5580000,0x00000000f5580000,0x00000000fe900000)
  from space 11776K, 99% used [0x00000000fe900000,0x00000000ff47d548,0x00000000ff480000)
  to   space 11776K, 0% used [0x00000000ff480000,0x00000000ff480000,0x0000000100000000)
 ParOldGen       total 218112K, used 56505K [0x00000000e0000000, 0x00000000ed500000, 0x00000000f5580000)
  object space 218112K, 25% used [0x00000000e0000000,0x00000000e372e6a0,0x00000000ed500000)
 Metaspace       used 65963K, capacity 69846K, committed 70104K, reserved 1110016K
  class space    used 8873K, capacity 9602K, committed 9728K, reserved 1048576K
}
Event: 483.184 GC heap before
{Heap before GC invocations=103 (full 3):
 PSYoungGen      total 162816K, used 162805K [0x00000000f5580000, 0x0000000100000000, 0x0000000100000000)
  eden space 151040K, 100% used [0x00000000f5580000,0x00000000fe900000,0x00000000fe900000)
  from space 11776K, 99% used [0x00000000fe900000,0x00000000ff47d548,0x00000000ff480000)
  to   space 11776K, 0% used [0x00000000ff480000,0x00000000ff480000,0x0000000100000000)
 ParOldGen       total 218112K, used 56505K [0x00000000e0000000, 0x00000000ed500000, 0x00000000f5580000)
  object space 218112K, 25% used [0x00000000e0000000,0x00000000e372e6a0,0x00000000ed500000)
 Metaspace       used 66170K, capacity 70054K, committed 70360K, reserved 1110016K
  class space    used 8873K, capacity 9602K, committed 9728K, reserved 1048576K
Event: 483.202 GC heap after
Heap after GC invocations=103 (full 3):
 PSYoungGen      total 152576K, used 11747K [0x00000000f5580000, 0x0000000100000000, 0x0000000100000000)
  eden space 140800K, 0% used [0x00000000f5580000,0x00000000f5580000,0x00000000fdf00000)
  from space 11776K, 99% used [0x00000000ff480000,0x00000000ffff8d40,0x0000000100000000)
  to   space 16896K, 0% used [0x00000000fdf00000,0x00000000fdf00000,0x00000000fef80000)
 ParOldGen       total 218112K, used 59422K [0x00000000e0000000, 0x00000000ed500000, 0x00000000f5580000)
  object space 218112K, 27% used [0x00000000e0000000,0x00000000e3a07928,0x00000000ed500000)
 Metaspace       used 66170K, capacity 70054K, committed 70360K, reserved 1110016K
  class space    used 8873K, capacity 9602K, committed 9728K, reserved 1048576K
}
Event: 517.824 GC heap before
{Heap before GC invocations=104 (full 3):
 PSYoungGen      total 152576K, used 152547K [0x00000000f5580000, 0x0000000100000000, 0x0000000100000000)
  eden space 140800K, 100% used [0x00000000f5580000,0x00000000fdf00000,0x00000000fdf00000)
  from space 11776K, 99% used [0x00000000ff480000,0x00000000ffff8d40,0x0000000100000000)
  to   space 16896K, 0% used [0x00000000fdf00000,0x00000000fdf00000,0x00000000fef80000)
 ParOldGen       total 218112K, used 59422K [0x00000000e0000000, 0x00000000ed500000, 0x00000000f5580000)
  object space 218112K, 27% used [0x00000000e0000000,0x00000000e3a07928,0x00000000ed500000)
 Metaspace       used 66428K, capacity 70332K, committed 70616K, reserved 1110016K
  class space    used 8875K, capacity 9605K, committed 9728K, reserved 1048576K
Event: 517.858 GC heap after
Heap after GC invocations=104 (full 3):
 PSYoungGen      total 148992K, used 10839K [0x00000000f5580000, 0x00000000fff00000, 0x0000000100000000)
  eden space 137728K, 0% used [0x00000000f5580000,0x00000000f5580000,0x00000000fdc00000)
  from space 11264K, 96% used [0x00000000fdf00000,0x00000000fe995eb0,0x00000000fea00000)
  to   space 17920K, 0% used [0x00000000fed80000,0x00000000fed80000,0x00000000fff00000)
 ParOldGen       total 218112K, used 62586K [0x00000000e0000000, 0x00000000ed500000, 0x00000000f5580000)
  object space 218112K, 28% used [0x00000000e0000000,0x00000000e3d1e978,0x00000000ed500000)
 Metaspace       used 66428K, capacity 70332K, committed 70616K, reserved 1110016K
  class space    used 8875K, capacity 9605K, committed 9728K, reserved 1048576K
}

Deoptimization events (10 events):
Event: 520.195 Thread 0x000000001b943000 Uncommon trap: reason=null_check action=make_not_entrant pc=0x000000000506d714 method=org.gradle.api.internal.artifacts.ivyservice.ivyresolve.parser.GradlePomModuleDescriptorParser.isDependencyImportScoped(Lorg/gradle/api/internal/artifacts/ivyservice/ivyrBêßDLTÄ@
Event: 522.537 Thread 0x000000001a712800 Uncommon trap: reason=unstable_if action=reinterpret pc=0x0000000005088f6c method=java.util.concurrent.ConcurrentHashMap.sumCount()J @ 30
Event: 540.248 Thread 0x000000001a712800 Uncommon trap: reason=bimorphic action=maybe_recompile pc=0x0000000004b22584 method=java.util.Collections$SetFromMap.contains(Ljava/lang/Object;)Z @ 5
Event: 540.250 Thread 0x000000001a712800 Uncommon trap: reason=class_check action=maybe_recompile pc=0x0000000003c1d7d0 method=java.util.HashMap.removeNode(ILjava/lang/Object;Ljava/lang/Object;ZZ)Ljava/util/HashMap$Node; @ 68
Event: 540.250 Thread 0x000000001a712800 Uncommon trap: reason=bimorphic action=maybe_recompile pc=0x00000000044e9454 method=java.util.HashMap.removeNode(ILjava/lang/Object;Ljava/lang/Object;ZZ)Ljava/util/HashMap$Node; @ 68
Event: 540.278 Thread 0x000000001b944800 Uncommon trap: reason=unstable_if action=reinterpret pc=0x0000000002b2b01c method=java.util.concurrent.locks.AbstractQueuedSynchronizer.enq(Ljava/util/concurrent/locks/AbstractQueuedSynchronizer$Node;)Ljava/util/concurrent/locks/AbstractQueuedSynchronizer$Åôgm‚Ä@
Event: 540.303 Thread 0x000000001a715000 Uncommon trap: reason=class_check action=maybe_recompile pc=0x0000000002ab9044 method=java.util.concurrent.LinkedBlockingQueue.poll(JLjava/util/concurrent/TimeUnit;)Ljava/lang/Object; @ 8
Event: 2594.617 Thread 0x0000000016251000 Uncommon trap: reason=unstable_if action=reinterpret pc=0x000000000520bbd4 method=java.text.SimpleDateFormat.zeroPaddingNumber(IIILjava/lang/StringBuffer;)V @ 41
Event: 3462.365 Thread 0x000000001624d800 Uncommon trap: reason=class_check action=maybe_recompile pc=0x00000000047c77c4 method=sun.nio.ch.IOUtil.write(Ljava/io/FileDescriptor;Ljava/nio/ByteBuffer;JLsun/nio/ch/NativeDispatcher;)I @ 1
Event: 3462.366 Thread 0x000000001d4b5000 Uncommon trap: reason=class_check action=maybe_recompile pc=0x0000000002ab9044 method=java.util.concurrent.LinkedBlockingQueue.poll(JLjava/util/concurrent/TimeUnit;)Ljava/lang/Object; @ 8

Internal exceptions (10 events):
Event: 467.051 Thread 0x000000001b941800 Exception <a 'java/net/SocketTimeoutException': Read timed out> (0x00000000fd671378) thrown at [C:\workspace\8-2-build-windows-amd64-cygwin\jdk8u65\4987\hotspot\src\share\vm\prims\jni.cpp, line 735]
Event: 467.103 Thread 0x000000001b94a000 Exception <a 'java/net/SocketTimeoutException': Read timed out> (0x00000000fd8bd418) thrown at [C:\workspace\8-2-build-windows-amd64-cygwin\jdk8u65\4987\hotspot\src\share\vm\prims\jni.cpp, line 735]
Event: 468.117 Thread 0x000000001a712800 Exception <a 'java/lang/NoClassDefFoundError': org/jetbrains/kotlin/gradle/plugin/KotlinPluginWrapper> (0x00000000fdd20500) thrown at [C:\workspace\8-2-build-windows-amd64-cygwin\jdk8u65\4987\hotspot\src\share\vm\oops\constantPool.cpp, line 235]
Event: 468.190 Thread 0x000000001a712800 Implicit null exception at 0x0000000004d6ef4f to 0x0000000004d70431
Event: 477.153 Thread 0x000000001a712800 Implicit null exception at 0x0000000004d536fb to 0x0000000004d54a81
Event: 483.149 Thread 0x000000001b947800 Implicit null exception at 0x00000000035b7e2c to 0x00000000035b7e99
Event: 517.471 Thread 0x000000001a712800 Exception <a 'java/net/SocketTimeoutException': Read timed out> (0x00000000fde2f798) thrown at [C:\workspace\8-2-build-windows-amd64-cygwin\jdk8u65\4987\hotspot\src\share\vm\prims\jni.cpp, line 735]
Event: 520.195 Thread 0x000000001b943000 Implicit null exception at 0x000000000506688b to 0x000000000506d6f1
Event: 522.537 Thread 0x000000001a712800 Implicit null exception at 0x0000000005088f26 to 0x0000000005088f4d
Event: 540.197 Thread 0x000000001a712800 Exception <a 'java/lang/NoSuchMethodError': org.gradle.api.artifacts.result.ComponentSelectionReason.getDescription()Ljava/lang/String;> (0x00000000fb641ea8) thrown at [C:\workspace\8-2-build-windows-amd64-cygwin\jdk8u65\4987\hotspot\src\share\vm\interpretöMvô–0}@

Events (10 events):
Event: 3463.002 Thread 0x000000001a715800 Thread added: 0x000000001a715800
Event: 3463.003 Thread 0x000000001a713800 Thread added: 0x000000001a713800
Event: 3463.003 Thread 0x000000001a718000 Thread added: 0x000000001a718000
Event: 3463.003 Thread 0x000000001a71b800 Thread added: 0x000000001a71b800
Event: 3463.004 Executing VM operation: RevokeBias
Event: 3463.007 Executing VM operation: RevokeBias done
Event: 3463.009 Thread 0x000000001a718800 Thread added: 0x000000001a718800
Event: 3463.010 Thread 0x000000001a71c800 Thread added: 0x000000001a71c800
Event: 3463.010 Thread 0x000000001a719800 Thread added: 0x000000001a719800
Event: 3463.010 Thread 0x000000001a721000 Thread added: 0x000000001a721000


Dynamic libraries:
0x00007ff7cde40000 - 0x00007ff7cde77000 	C:\Program Files\Java\jdk1.8.0_65\bin\java.exe
0x00007ffb0e550000 - 0x00007ffb0e6fd000 	C:\Windows\SYSTEM32\ntdll.dll
0x00007ffb0d630000 - 0x00007ffb0d76f000 	C:\Windows\system32\KERNEL32.DLL
0x00007ffb0bab0000 - 0x00007ffb0bbc5000 	C:\Windows\system32\KERNELBASE.dll
0x00007ffb0a220000 - 0x00007ffb0a2ae000 	C:\Windows\system32\apphelp.dll
0x00007ffafc470000 - 0x00007ffafc4c5000 	C:\Windows\AppPatch\AppPatch64\AcGenral.DLL
0x00007ffb0dee0000 - 0x00007ffb0df8a000 	C:\Windows\system32\msvcrt.dll
0x00007ffb0b980000 - 0x00007ffb0b9ae000 	C:\Windows\system32\SspiCli.dll
0x00007ffb0d8b0000 - 0x00007ffb0d904000 	C:\Windows\system32\SHLWAPI.dll
0x00007ffb0e370000 - 0x00007ffb0e4e7000 	C:\Windows\system32\USER32.dll
0x00007ffb0bf50000 - 0x00007ffb0c0e5000 	C:\Windows\system32\ole32.dll
0x00007ffb0c100000 - 0x00007ffb0d62e000 	C:\Windows\system32\SHELL32.dll
0x00007ffb0ac60000 - 0x00007ffb0ac81000 	C:\Windows\SYSTEM32\USERENV.dll
0x00007ffb0de30000 - 0x00007ffb0deda000 	C:\Windows\system32\ADVAPI32.dll
0x00007ffaf5360000 - 0x00007ffaf537e000 	C:\Windows\SYSTEM32\MPR.dll
0x00007ffb0d770000 - 0x00007ffb0d8aa000 	C:\Windows\system32\RPCRT4.dll
0x00007ffb0e250000 - 0x00007ffb0e2a8000 	C:\Windows\SYSTEM32\sechost.dll
0x00007ffb0db50000 - 0x00007ffb0dd61000 	C:\Windows\SYSTEM32\combase.dll
0x00007ffb0bbe0000 - 0x00007ffb0bd2e000 	C:\Windows\system32\GDI32.dll
0x00007ffb0b670000 - 0x00007ffb0b685000 	C:\Windows\SYSTEM32\profapi.dll
0x00007ffb0a160000 - 0x00007ffb0a212000 	C:\Windows\SYSTEM32\SHCORE.dll
0x00007ffb0bef0000 - 0x00007ffb0bf26000 	C:\Windows\system32\IMM32.DLL
0x00007ffb0d9e0000 - 0x00007ffb0db31000 	C:\Windows\system32\MSCTF.dll
0x00007ffb09770000 - 0x00007ffb099eb000 	C:\Windows\WinSxS\amd64_microsoft.windows.common-controls_6595b64144ccf1df_6.0.9600.19394_none_62486577ecb635cf\COMCTL32.dll
0x00000000659e0000 - 0x0000000065ab2000 	C:\Program Files\Java\jdk1.8.0_65\jre\bin\msvcr100.dll
0x0000000065150000 - 0x00000000659d9000 	C:\Program Files\Java\jdk1.8.0_65\jre\bin\server\jvm.dll
0x00007ffafedc0000 - 0x00007ffafedc9000 	C:\Windows\SYSTEM32\WSOCK32.dll
0x00007ffb090d0000 - 0x00007ffb090f2000 	C:\Windows\SYSTEM32\WINMM.dll
0x00007ffb09100000 - 0x00007ffb0910a000 	C:\Windows\SYSTEM32\VERSION.dll
0x00007ffb0e170000 - 0x00007ffb0e177000 	C:\Windows\system32\PSAPI.DLL
0x00007ffb0e4f0000 - 0x00007ffb0e54a000 	C:\Windows\system32\WS2_32.dll
0x00007ffb08ec0000 - 0x00007ffb08eea000 	C:\Windows\SYSTEM32\WINMMBASE.dll
0x00007ffb0bbd0000 - 0x00007ffb0bbd9000 	C:\Windows\system32\NSI.dll
0x00007ffb0b9b0000 - 0x00007ffb0b9ff000 	C:\Windows\SYSTEM32\cfgmgr32.dll
0x00007ffb0a4a0000 - 0x00007ffb0a4c8000 	C:\Windows\SYSTEM32\DEVOBJ.dll
0x0000000065140000 - 0x000000006514f000 	C:\Program Files\Java\jdk1.8.0_65\jre\bin\verify.dll
0x0000000065110000 - 0x0000000065139000 	C:\Program Files\Java\jdk1.8.0_65\jre\bin\java.dll
0x00000000650f0000 - 0x0000000065106000 	C:\Program Files\Java\jdk1.8.0_65\jre\bin\zip.dll
0x00000000650d0000 - 0x00000000650ea000 	C:\Program Files\Java\jdk1.8.0_65\jre\bin\net.dll
0x00007ffb0aed0000 - 0x00007ffb0af29000 	C:\Windows\system32\mswsock.dll
0x00000000650b0000 - 0x00000000650c1000 	C:\Program Files\Java\jdk1.8.0_65\jre\bin\nio.dll
0x00007ffafacb0000 - 0x00007ffafacd7000 	C:\Users\sreedhar s\.gradle\native\8bec1ad78214c89d9ad589b4d07fe93259594b29d510b10fafb7a158f7737e5d\windows-amd64\native-platform.dll
0x00007ffadee20000 - 0x00007ffadef5d000 	C:\Users\sreedhar s\.gradle\native\53dbd7edfb1c66fb8903c78663c9afc45aea4f116125fa6feffd364cf09443e8\windows-amd64\native-platform-file-events.dll
0x00000000650a0000 - 0x00000000650ad000 	C:\Program Files\Java\jdk1.8.0_65\jre\bin\management.dll
0x00007ffb0af30000 - 0x00007ffb0af50000 	C:\Windows\SYSTEM32\CRYPTSP.dll
0x00007ffb0ab50000 - 0x00007ffb0ab86000 	C:\Windows\system32\rsaenh.dll
0x00007ffb0b170000 - 0x00007ffb0b196000 	C:\Windows\SYSTEM32\bcrypt.dll
0x00007ffb0b4d0000 - 0x00007ffb0b533000 	C:\Windows\system32\bcryptprimitives.dll
0x00007ffb0b540000 - 0x00007ffb0b54b000 	C:\Windows\SYSTEM32\CRYPTBASE.dll
0x00007ffb08b60000 - 0x00007ffb08b8a000 	C:\Windows\SYSTEM32\IPHLPAPI.DLL
0x00007ffb08470000 - 0x00007ffb0847a000 	C:\Windows\SYSTEM32\WINNSI.DLL
0x00007ffb04270000 - 0x00007ffb04286000 	C:\Windows\SYSTEM32\dhcpcsvc6.DLL
0x00007ffb04470000 - 0x00007ffb0448a000 	C:\Windows\SYSTEM32\dhcpcsvc.DLL
0x0000000065070000 - 0x0000000065094000 	C:\Program Files\Java\jdk1.8.0_65\jre\bin\sunec.dll
0x00007ffafd2e0000 - 0x00007ffafd2f5000 	C:\Windows\system32\napinsp.dll
0x00007ffafd300000 - 0x00007ffafd31a000 	C:\Windows\system32\pnrpnsp.dll
0x00007ffb07f50000 - 0x00007ffb07f6b000 	C:\Windows\system32\NLAapi.dll
0x00007ffb0acd0000 - 0x00007ffb0ad74000 	C:\Windows\SYSTEM32\DNSAPI.dll
0x00007ffafd320000 - 0x00007ffafd32d000 	C:\Windows\System32\winrnr.dll
0x0000000066e10000 - 0x0000000066e36000 	C:\Program Files\Bonjour\mdnsNSP.dll
0x00007ffafd330000 - 0x00007ffafd344000 	C:\Windows\system32\wshbth.dll
0x00007ffafe410000 - 0x00007ffafe41a000 	C:\Windows\System32\rasadhlp.dll
0x00007ffb04390000 - 0x00007ffb043fb000 	C:\Windows\System32\fwpuclnt.dll

VM Arguments:
jvm_args: -XX:MaxMetaspaceSize=256m -XX:+HeapDumpOnOutOfMemoryError -Xms256m -Xmx512m -Dfile.encoding=windows-1252 -Duser.country=AU -Duser.language=en -Duser.variant 
java_command: org.gradle.launcher.daemon.bootstrap.GradleDaemon 7.1.1
java_class_path (initial): C:\Users\sreedhar s\.gradle\wrapper\dists\gradle-7.1.1-bin\f29rtwfnc96ub43tt7p47zsru\gradle-7.1.1\lib\gradle-launcher-7.1.1.jar
Launcher Type: SUN_STANDARD

Environment Variables:
JAVA_HOME=C:\Program Files\Java\jdk1.8.0_65
CLASSPATH=C:\Users\sreedhar s\Documents\coding-xero\springboot\refactorthis\refactorthis\\gradle\wrapper\gradle-wrapper.jar
PATH=C:\Program Files (x86)\Microsoft SDKs\Azure\CLI2\wbin;C:\ProgramData\Oracle\Java\javapath;C:\Program Files (x86)\NVIDIA Corporation\PhysX\Common;C:\Program Files (x86)\Intel\iCLS Client\;C:\Program Files\Intel\iCLS Client\;C:\Windows\system32;C:\Windows;C:\Windows\System32\Wbem;C:\Windows\System32\WindowsPowerShell\v1.0\;C:\Program Files\Hewlett-Packard\SimplePass\;C:\Program Files\Intel\Intel(R) Management Engine Components\DAL;C:\Program Files\Intel\Intel(R) Management Engine Components\IPT;C:\Program Files (x86)\Intel\Intel(R) Management Engine Components\DAL;C:\Program Files (x86)\Intel\Intel(R) Management Engine Components\IPT;C:\Program Files\Microsoft SQL Server\110\Tools\Binn\;C:\Program Files (x86)\Microsoft SDKs\TypeScript\1.0\;C:\Program Files\Microsoft SQL Server\120\Tools\Binn\;C:\Program Files (x86)\Skype\Phone\;C:\Program Files\nodejs\;C:\Program Files (x86)\Microsoft SQL Server\150\DTS\Binn\;C:\Users\sreedhar s\Downloads\apache-maven-3.6.1-bin\apache-maven-3.6.1\bin;C:\Program Files\Git\cmd;C:\Users\sreedhar s\Downloads\openssl-0.9.8k_X64\bin;C:\curl;C:\Program Files\PuTTY\;C:\Program Files\Intel\WiFi\bin\;C:\Program Files\Common Files\Intel\WirelessCommon\;$JAVA_HOME\bin;C:\Softwares\kafka_2.12-2.0.0\bin\windows;C:\Softwares\kafka_2.12-2.0.0\config;C:\Program Files\dotnet\;C:\Program Files\Microsoft VS Code\bin;C:\Users\sreedhar s\AppData\Roaming\npm;C:\Program Files\Intel\WiFi\bin\;C:\Program Files\Common Files\Intel\WirelessCommon\;$JAVA_HOME\bin;C:\Gradle\gradle-4.7\bin;C:\Users\sreedhar s\AppData\Local\GitHubDesktop\bin;C:\Users\sreedhar s\.dotnet\tools
USERNAME=sreedhar s
OS=Windows_NT
PROCESSOR_IDENTIFIER=Intel64 Family 6 Model 69 Stepping 1, GenuineIntel



---------------  S Y S T E M  ---------------

OS: Windows 8.1 , 64 bit Build 9600 (6.3.9600.19994)

CPU:total 4 (2 cores per cpu, 2 threads per core) family 6 model 69 stepping 1, cmov, cx8, fxsr, mmx, sse, sse2, sse3, ssse3, sse4.1, sse4.2, popcnt, avx, avx2, aes, clmul, erms, lzcnt, ht, tsc, tscinvbit, bmi1, bmi2

Memory: 4k page, physical 8317080k(2492580k free), swap 16705688k(9752012k free)

vm_info: Java HotSpot(TM) 64-Bit Server VM (25.65-b01) for windows-amd64 JRE (1.8.0_65-b17), built on Oct  6 2015 16:39:20 by "java_re" with MS VC++ 10.0 (VS2010)

time: Sun Aug 01 17:49:03 2021
elapsed time: 3463 seconds (0d 0h 57m 43s)

